[2025-04-23T11:05:17.143+0000] {local_task_job_runner.py:123} INFO - ::group::Pre task execution logs
[2025-04-23T11:05:17.152+0000] {taskinstance.py:2614} INFO - Dependencies all met for dep_context=non-requeueable deps ti=<TaskInstance: dbt_transform.dbt_task_group.temp_run manual__2025-04-23T10:57:01.209842+00:00 [queued]>
[2025-04-23T11:05:17.156+0000] {taskinstance.py:2614} INFO - Dependencies all met for dep_context=requeueable deps ti=<TaskInstance: dbt_transform.dbt_task_group.temp_run manual__2025-04-23T10:57:01.209842+00:00 [queued]>
[2025-04-23T11:05:17.156+0000] {taskinstance.py:2867} INFO - Starting attempt 5 of 7
[2025-04-23T11:05:17.162+0000] {taskinstance.py:2890} INFO - Executing <Task(DbtRunLocalOperator): dbt_task_group.temp_run> on 2025-04-23 10:57:01.209842+00:00
[2025-04-23T11:05:17.169+0000] {warnings.py:112} WARNING - /home/***/.local/lib/python3.12/site-packages/***/task/task_runner/standard_task_runner.py:70: DeprecationWarning: This process (pid=14605) is multi-threaded, use of fork() may lead to deadlocks in the child.
  pid = os.fork()

[2025-04-23T11:05:17.170+0000] {standard_task_runner.py:72} INFO - Started process 14672 to run task
[2025-04-23T11:05:17.170+0000] {standard_task_runner.py:104} INFO - Running: ['***', 'tasks', 'run', 'dbt_transform', 'dbt_task_group.temp_run', 'manual__2025-04-23T10:57:01.209842+00:00', '--job-id', '334', '--raw', '--subdir', 'DAGS_FOLDER/dbtdag.py', '--cfg-path', '/tmp/tmpe5s1lpti']
[2025-04-23T11:05:17.171+0000] {standard_task_runner.py:105} INFO - Job 334: Subtask dbt_task_group.temp_run
[2025-04-23T11:05:17.192+0000] {task_command.py:467} INFO - Running <TaskInstance: dbt_transform.dbt_task_group.temp_run manual__2025-04-23T10:57:01.209842+00:00 [running]> on host eb276ba0497d
[2025-04-23T11:05:17.231+0000] {taskinstance.py:3134} INFO - Exporting env vars: AIRFLOW_CTX_DAG_OWNER='***' AIRFLOW_CTX_DAG_ID='dbt_transform' AIRFLOW_CTX_TASK_ID='dbt_task_group.temp_run' AIRFLOW_CTX_EXECUTION_DATE='2025-04-23T10:57:01.209842+00:00' AIRFLOW_CTX_TRY_NUMBER='5' AIRFLOW_CTX_DAG_RUN_ID='manual__2025-04-23T10:57:01.209842+00:00'
[2025-04-23T11:05:17.233+0000] {taskinstance.py:732} INFO - ::endgroup::
[2025-04-23T11:05:17.234+0000] {local.py:213} INFO - dbtRunner is available. Using dbtRunner for invoking dbt.
[2025-04-23T11:05:17.235+0000] {local.py:416} INFO - Cloning project to writable temp directory /tmp/tmpeqk1ttdc from /opt/airflow/dags/dbt/weather
[2025-04-23T11:05:17.235+0000] {local.py:427} INFO - Partial parse is enabled and the latest partial parse file is /tmp/cosmos/dbt_transform__dbt_task_group/target/partial_parse.msgpack
[2025-04-23T11:05:17.240+0000] {config.py:360} INFO - Profile caching is enable.
[2025-04-23T11:05:17.244+0000] {base.py:84} INFO - Retrieving connection 'postgres'
[2025-04-23T11:05:17.244+0000] {config.py:340} INFO - Profile found in cache using profile: /tmp/cosmos/profile/e6e13df970e8fe3ebb4d61c03236437e24a01a4909ada5aa9ec817ff39ff3ca3/profiles.yml.
[2025-04-23T11:05:17.247+0000] {runner.py:60} INFO - Trying to run dbtRunner with:
 ['deps', '--project-dir', '/tmp/tmpeqk1ttdc', '--profiles-dir', '/tmp/cosmos/profile/e6e13df970e8fe3ebb4d61c03236437e24a01a4909ada5aa9ec817ff39ff3ca3', '--profile', 'default', '--target', 'dev']
 in /tmp/tmpeqk1ttdc
[2025-04-23T11:05:17.254+0000] {logging_mixin.py:190} INFO - 11:05:17  Running with dbt=1.8.7
[2025-04-23T11:05:17.278+0000] {logging_mixin.py:190} INFO - 11:05:17  Installing dbt-labs/dbt_utils
[2025-04-23T11:05:18.949+0000] {logging_mixin.py:190} INFO - 11:05:18  Installed from version 0.9.6
[2025-04-23T11:05:18.949+0000] {logging_mixin.py:190} INFO - 11:05:18  Updated version available: 1.3.0
[2025-04-23T11:05:18.950+0000] {logging_mixin.py:190} INFO - 11:05:18
[2025-04-23T11:05:18.950+0000] {logging_mixin.py:190} INFO - 11:05:18  Updates available for packages: ['dbt-labs/dbt_utils']                 
Update your versions in packages.yml, then run dbt deps
[2025-04-23T11:05:20.070+0000] {runner.py:60} INFO - Trying to run dbtRunner with:
 ['run', '--models', 'temp', '--project-dir', '/tmp/tmpeqk1ttdc', '--profiles-dir', '/tmp/cosmos/profile/e6e13df970e8fe3ebb4d61c03236437e24a01a4909ada5aa9ec817ff39ff3ca3', '--profile', 'default', '--target', 'dev']
 in /tmp/tmpeqk1ttdc
[2025-04-23T11:05:20.074+0000] {logging_mixin.py:190} INFO - 11:05:20  Running with dbt=1.8.7
[2025-04-23T11:05:20.096+0000] {logging_mixin.py:190} INFO - 11:05:20  Registered adapter: postgres=1.9.0
[2025-04-23T11:05:20.127+0000] {logging_mixin.py:190} INFO - 11:05:20  Unable to do partial parsing because profile has changed
[2025-04-23T11:05:20.580+0000] {logging_mixin.py:190} INFO - 11:05:20  Found 5 models, 626 macros
[2025-04-23T11:05:20.582+0000] {logging_mixin.py:190} INFO - 11:05:20
[2025-04-23T11:05:20.623+0000] {logging_mixin.py:190} INFO - 11:05:20  Concurrency: 1 threads (target='dev')
[2025-04-23T11:05:20.623+0000] {logging_mixin.py:190} INFO - 11:05:20
[2025-04-23T11:05:20.625+0000] {logging_mixin.py:190} INFO - 11:05:20  1 of 1 START sql table model transformed.temp .................................. [RUN]
[2025-04-23T11:05:20.656+0000] {logging_mixin.py:190} INFO - 11:05:20  1 of 1 ERROR creating sql table model transformed.temp ......................... [ERROR in 0.03s]
[2025-04-23T11:05:20.661+0000] {logging_mixin.py:190} INFO - 11:05:20
[2025-04-23T11:05:20.662+0000] {logging_mixin.py:190} INFO - 11:05:20  Finished running 1 table model in 0 hours 0 minutes and 0.08 seconds (0.08s).
[2025-04-23T11:05:20.841+0000] {logging_mixin.py:190} INFO - 11:05:20
[2025-04-23T11:05:20.842+0000] {logging_mixin.py:190} INFO - 11:05:20  Completed with 1 error and 0 warnings:
[2025-04-23T11:05:20.842+0000] {logging_mixin.py:190} INFO - 11:05:20
[2025-04-23T11:05:20.842+0000] {logging_mixin.py:190} INFO - 11:05:20    Database Error in model temp (models/temp.sql)
  syntax error at or near ")"
  LINE 22:   );
             ^
  compiled code at target/run/weather/models/temp.sql
[2025-04-23T11:05:20.843+0000] {logging_mixin.py:190} INFO - 11:05:20
[2025-04-23T11:05:20.843+0000] {logging_mixin.py:190} INFO - 11:05:20  Done. PASS=0 WARN=0 ERROR=1 SKIP=0 TOTAL=1
[2025-04-23T11:05:21.777+0000] {processor.py:716} WARNING - Failed to parse column lineage: Empty statement list
[2025-04-23T11:05:21.778+0000] {local.py:465} INFO - Inlets: []
[2025-04-23T11:05:21.778+0000] {local.py:466} INFO - Outlets: []
[2025-04-23T11:05:21.778+0000] {local.py:656} INFO - Assigning inlets/outlets with DatasetAlias
[2025-04-23T11:05:21.791+0000] {taskinstance.py:3313} ERROR - Task failed with exception
Traceback (most recent call last):
  File "/home/airflow/.local/lib/python3.12/site-packages/airflow/models/taskinstance.py", line 768, in _execute_task
    result = _execute_callable(context=context, **execute_callable_kwargs)
             ^^^^^^^^^^^^^^^^^^^^^^^^^^^^^^^^^^^^^^^^^^^^^^^^^^^^^^^^^^^^^
  File "/home/airflow/.local/lib/python3.12/site-packages/airflow/models/taskinstance.py", line 734, in _execute_callable
    return ExecutionCallableRunner(
           ^^^^^^^^^^^^^^^^^^^^^^^^
  File "/home/airflow/.local/lib/python3.12/site-packages/airflow/utils/operator_helpers.py", line 252, in run
    return self.func(*args, **kwargs)
           ^^^^^^^^^^^^^^^^^^^^^^^^^^
  File "/home/airflow/.local/lib/python3.12/site-packages/cosmos/operators/base.py", line 299, in execute
    self.build_and_run_cmd(context=context, cmd_flags=self.add_cmd_flags())
  File "/home/airflow/.local/lib/python3.12/site-packages/cosmos/operators/local.py", line 708, in build_and_run_cmd
    result = self.run_command(
             ^^^^^^^^^^^^^^^^^
  File "/home/airflow/.local/lib/python3.12/site-packages/cosmos/operators/local.py", line 556, in run_command
    self.handle_exception(result)
  File "/home/airflow/.local/lib/python3.12/site-packages/cosmos/operators/local.py", line 227, in handle_exception_dbt_runner
    return dbt_runner.handle_exception_if_needed(result)
           ^^^^^^^^^^^^^^^^^^^^^^^^^^^^^^^^^^^^^^^^^^^^^
  File "/home/airflow/.local/lib/python3.12/site-packages/cosmos/dbt/runner.py", line 113, in handle_exception_if_needed
    raise CosmosDbtRunError(f"dbt invocation completed with errors: {error_message}")
cosmos.exceptions.CosmosDbtRunError: dbt invocation completed with errors: temp: Database Error in model temp (models/temp.sql)
  syntax error at or near ")"
  LINE 22:   );
             ^
  compiled code at target/run/weather/models/temp.sql
[2025-04-23T11:05:21.796+0000] {taskinstance.py:1226} INFO - Marking task as UP_FOR_RETRY. dag_id=dbt_transform, task_id=dbt_task_group.temp_run, run_id=manual__2025-04-23T10:57:01.209842+00:00, execution_date=20250423T105701, start_date=20250423T110517, end_date=20250423T110521
[2025-04-23T11:05:21.811+0000] {taskinstance.py:341} INFO - ::group::Post task execution logs
[2025-04-23T11:05:21.811+0000] {standard_task_runner.py:124} ERROR - Failed to execute job 334 for task dbt_task_group.temp_run (dbt invocation completed with errors: temp: Database Error in model temp (models/temp.sql)
  syntax error at or near ")"
  LINE 22:   );
             ^
  compiled code at target/run/weather/models/temp.sql; 14672)
Traceback (most recent call last):
  File "/home/airflow/.local/lib/python3.12/site-packages/airflow/task/task_runner/standard_task_runner.py", line 117, in _start_by_fork
    ret = args.func(args, dag=self.dag)
          ^^^^^^^^^^^^^^^^^^^^^^^^^^^^^
  File "/home/airflow/.local/lib/python3.12/site-packages/airflow/cli/cli_config.py", line 49, in command
    return func(*args, **kwargs)
           ^^^^^^^^^^^^^^^^^^^^^
  File "/home/airflow/.local/lib/python3.12/site-packages/airflow/utils/cli.py", line 116, in wrapper
    return f(*args, **kwargs)
           ^^^^^^^^^^^^^^^^^^
  File "/home/airflow/.local/lib/python3.12/site-packages/airflow/cli/commands/task_command.py", line 483, in task_run
    task_return_code = _run_task_by_selected_method(args, _dag, ti)
                       ^^^^^^^^^^^^^^^^^^^^^^^^^^^^^^^^^^^^^^^^^^^^
  File "/home/airflow/.local/lib/python3.12/site-packages/airflow/cli/commands/task_command.py", line 256, in _run_task_by_selected_method
    return _run_raw_task(args, ti)
           ^^^^^^^^^^^^^^^^^^^^^^^
  File "/home/airflow/.local/lib/python3.12/site-packages/airflow/cli/commands/task_command.py", line 341, in _run_raw_task
    return ti._run_raw_task(
           ^^^^^^^^^^^^^^^^^
  File "/home/airflow/.local/lib/python3.12/site-packages/airflow/utils/session.py", line 97, in wrapper
    return func(*args, session=session, **kwargs)
           ^^^^^^^^^^^^^^^^^^^^^^^^^^^^^^^^^^^^^^
  File "/home/airflow/.local/lib/python3.12/site-packages/airflow/models/taskinstance.py", line 3006, in _run_raw_task
    return _run_raw_task(
           ^^^^^^^^^^^^^^
  File "/home/airflow/.local/lib/python3.12/site-packages/airflow/models/taskinstance.py", line 274, in _run_raw_task
    TaskInstance._execute_task_with_callbacks(
  File "/home/airflow/.local/lib/python3.12/site-packages/airflow/models/taskinstance.py", line 3161, in _execute_task_with_callbacks
    result = self._execute_task(context, task_orig)
             ^^^^^^^^^^^^^^^^^^^^^^^^^^^^^^^^^^^^^^
  File "/home/airflow/.local/lib/python3.12/site-packages/airflow/models/taskinstance.py", line 3185, in _execute_task
    return _execute_task(self, context, task_orig)
           ^^^^^^^^^^^^^^^^^^^^^^^^^^^^^^^^^^^^^^^
  File "/home/airflow/.local/lib/python3.12/site-packages/airflow/models/taskinstance.py", line 768, in _execute_task
    result = _execute_callable(context=context, **execute_callable_kwargs)
             ^^^^^^^^^^^^^^^^^^^^^^^^^^^^^^^^^^^^^^^^^^^^^^^^^^^^^^^^^^^^^
  File "/home/airflow/.local/lib/python3.12/site-packages/airflow/models/taskinstance.py", line 734, in _execute_callable
    return ExecutionCallableRunner(
           ^^^^^^^^^^^^^^^^^^^^^^^^
  File "/home/airflow/.local/lib/python3.12/site-packages/airflow/utils/operator_helpers.py", line 252, in run
    return self.func(*args, **kwargs)
           ^^^^^^^^^^^^^^^^^^^^^^^^^^
  File "/home/airflow/.local/lib/python3.12/site-packages/cosmos/operators/base.py", line 299, in execute
    self.build_and_run_cmd(context=context, cmd_flags=self.add_cmd_flags())
  File "/home/airflow/.local/lib/python3.12/site-packages/cosmos/operators/local.py", line 708, in build_and_run_cmd
    result = self.run_command(
             ^^^^^^^^^^^^^^^^^
  File "/home/airflow/.local/lib/python3.12/site-packages/cosmos/operators/local.py", line 556, in run_command
    self.handle_exception(result)
  File "/home/airflow/.local/lib/python3.12/site-packages/cosmos/operators/local.py", line 227, in handle_exception_dbt_runner
    return dbt_runner.handle_exception_if_needed(result)
           ^^^^^^^^^^^^^^^^^^^^^^^^^^^^^^^^^^^^^^^^^^^^^
  File "/home/airflow/.local/lib/python3.12/site-packages/cosmos/dbt/runner.py", line 113, in handle_exception_if_needed
    raise CosmosDbtRunError(f"dbt invocation completed with errors: {error_message}")
cosmos.exceptions.CosmosDbtRunError: dbt invocation completed with errors: temp: Database Error in model temp (models/temp.sql)
  syntax error at or near ")"
  LINE 22:   );
             ^
  compiled code at target/run/weather/models/temp.sql
[2025-04-23T11:05:21.832+0000] {local_task_job_runner.py:266} INFO - Task exited with return code 1
[2025-04-23T11:05:21.845+0000] {taskinstance.py:3901} INFO - 0 downstream tasks scheduled from follow-on schedule check
[2025-04-23T11:05:21.846+0000] {local_task_job_runner.py:245} INFO - ::endgroup::
